<class 'skmultilearn.problem_transform.br.BinaryRelevance'> 0.1 {'accuracy': 0.48523206751054854, 'hamming loss': 0.16350210970464135}
<class 'skmultilearn.problem_transform.br.BinaryRelevance'> 0.2 {'accuracy': 0.5, 'hamming loss': 0.15646976090014064}
<class 'skmultilearn.problem_transform.br.BinaryRelevance'> 0.3 {'accuracy': 0.47890295358649787, 'hamming loss': 0.16350210970464135}
<class 'skmultilearn.problem_transform.br.BinaryRelevance'> 0.4 {'accuracy': 0.48945147679324896, 'hamming loss': 0.15822784810126583}
<class 'skmultilearn.problem_transform.br.BinaryRelevance'> 0.5 {'accuracy': 0.5147679324894515, 'hamming loss': 0.14978902953586498}
<class 'skmultilearn.problem_transform.br.BinaryRelevance'> 0.6 {'accuracy': 0.4831223628691983, 'hamming loss': 0.15822784810126583}
<class 'skmultilearn.problem_transform.br.BinaryRelevance'> 0.7 {'accuracy': 0.510548523206751, 'hamming loss': 0.1529535864978903}
<class 'skmultilearn.problem_transform.br.BinaryRelevance'> 0.8 {'accuracy': 0.5126582278481012, 'hamming loss': 0.15049226441631505}
<class 'skmultilearn.problem_transform.br.BinaryRelevance'> 0.9 {'accuracy': 0.5021097046413502, 'hamming loss': 0.15436005625879043}
<class 'skmultilearn.problem_transform.br.BinaryRelevance'> None {'accuracy': 0.5358649789029536, 'hamming loss': 0.1420534458509142}
<class 'skmultilearn.problem_transform.cc.ClassifierChain'> 0.1 {'accuracy': 0.49156118143459915, 'hamming loss': 0.16068917018284107}
<class 'skmultilearn.problem_transform.cc.ClassifierChain'> 0.2 {'accuracy': 0.4957805907172996, 'hamming loss': 0.1568213783403657}
<class 'skmultilearn.problem_transform.cc.ClassifierChain'> 0.3 {'accuracy': 0.5021097046413502, 'hamming loss': 0.1568213783403657}
<class 'skmultilearn.problem_transform.cc.ClassifierChain'> 0.4 {'accuracy': 0.4978902953586498, 'hamming loss': 0.15752461322081576}
<class 'skmultilearn.problem_transform.cc.ClassifierChain'> 0.5 {'accuracy': 0.5232067510548524, 'hamming loss': 0.1459212376933896}
<class 'skmultilearn.problem_transform.cc.ClassifierChain'> 0.6 {'accuracy': 0.5126582278481012, 'hamming loss': 0.15154711673699015}
<class 'skmultilearn.problem_transform.cc.ClassifierChain'> 0.7 {'accuracy': 0.5253164556962026, 'hamming loss': 0.14521800281293953}
<class 'skmultilearn.problem_transform.cc.ClassifierChain'> 0.8 {'accuracy': 0.5147679324894515, 'hamming loss': 0.14838255977496484}
<class 'skmultilearn.problem_transform.cc.ClassifierChain'> 0.9 {'accuracy': 0.5084388185654009, 'hamming loss': 0.15119549929676512}
<class 'skmultilearn.problem_transform.cc.ClassifierChain'> None {'accuracy': 0.4873417721518987, 'hamming loss': 0.15576652601969057}
<class 'skmultilearn.problem_transform.lp.LabelPowerset'> 0.1 {'accuracy': 0.5084388185654009, 'hamming loss': 0.1550632911392405}
<class 'skmultilearn.problem_transform.lp.LabelPowerset'> 0.2 {'accuracy': 0.5168776371308017, 'hamming loss': 0.15014064697609}
<class 'skmultilearn.problem_transform.lp.LabelPowerset'> 0.3 {'accuracy': 0.5147679324894515, 'hamming loss': 0.15084388185654007}
<class 'skmultilearn.problem_transform.lp.LabelPowerset'> 0.4 {'accuracy': 0.5021097046413502, 'hamming loss': 0.1529535864978903}
<class 'skmultilearn.problem_transform.lp.LabelPowerset'> 0.5 {'accuracy': 0.5042194092827004, 'hamming loss': 0.15225035161744022}
<class 'skmultilearn.problem_transform.lp.LabelPowerset'> 0.6 {'accuracy': 0.5084388185654009, 'hamming loss': 0.1518987341772152}
<class 'skmultilearn.problem_transform.lp.LabelPowerset'> 0.7 {'accuracy': 0.5063291139240507, 'hamming loss': 0.15330520393811534}
<class 'skmultilearn.problem_transform.lp.LabelPowerset'> 0.8 {'accuracy': 0.5042194092827004, 'hamming loss': 0.15119549929676512}
<class 'skmultilearn.problem_transform.lp.LabelPowerset'> 0.9 {'accuracy': 0.5168776371308017, 'hamming loss': 0.15084388185654007}
<class 'skmultilearn.problem_transform.lp.LabelPowerset'> None {'accuracy': 0.5168776371308017, 'hamming loss': 0.14732770745428972}
